This is pdfTeX, Version 3.14159265-2.6-1.40.19 (TeX Live 2018/Arch Linux) (preloaded format=pdflatex 2018.9.9)  1 DEC 2018 12:58
entering extended mode
 restricted \write18 enabled.
 %&-line parsing enabled.
**01intro.tex
(./01intro.tex
LaTeX2e <2018-04-01> patch level 5
! Undefined control sequence.
l.1 \chapter
            {Introduction}\label{chap:intro}
? \chapter{Introduction}\label{chap:intro}
Type <return> to proceed, S to scroll future error messages,
R to run without stopping, Q to run quietly,
I to insert something, E to edit your file,
1 or ... or 9 to ignore the next 1 to 9 tokens of input,
H for help, X to quit.
? 
! Emergency stop.
l.1 \chapter
            {Introduction}\label{chap:intro}
End of file on the terminal!

 
Here is how much of TeX's memory you used:
 5 strings out of 492642
 138 string characters out of 6135567
 56414 words of memory out of 5000000
 3992 multiletter control sequences out of 15000+600000
 3640 words of font info for 14 fonts, out of 8000000 for 9000
 1141 hyphenation exceptions out of 8191
 5i,0n,1p,95b,8s stack positions out of 5000i,500n,10000p,200000b,80000s
!  ==> Fatal error occurred, no output PDF file produced!
